================================================================================
Solving optimisation problem: BBOB Sphere Function (f1)
  Number of dimensions: 2
  Lower bounds:   -5.0000  -5.0000
  Upper bounds:    5.0000   5.0000
  Acceptable objective value: -inf
--------------------------------------------------------------------------------
  Optimisation strategy: Hooke-Jeeves algorithm
  Boundaries handling function: Map to bound
  Stagnation detection function: Always false
  Restarting function: Random

  Iteration #0 (after 14ms) : Found better solution.
    Difference to the previous best objective value: -inf
    Best objective value: -37.3782
    Best parameter:    0.7107   0.9467

  Iteration #1 (after 258ms) : Found better solution.
    Difference to the previous best objective value: -32.7573
    Best objective value: -70.1356
    Best parameter:    0.7107        0

  Iteration #3 (after 513ms) : Found better solution.
    Difference to the previous best objective value: -5.032
    Best objective value: -75.1676
    Best parameter:    0.7107   0.5000

  Iteration #5 (after 710ms) : Found better solution.
    Difference to the previous best objective value: -3.734
    Best objective value: -78.9016
    Best parameter:    0.7107   0.2500

  Iteration #8 (after 905ms) : Found better solution.
    Difference to the previous best objective value: -0.238375
    Best objective value: -79.1399
    Best parameter:    0.7107   0.3125

  Iteration #10 (after 1100ms) : Found better solution.
    Difference to the previous best objective value: -0.0196486
    Best objective value: -79.1596
    Best parameter:    0.7419   0.3125

  Iteration #12 (after 1294ms) : Found better solution.
    Difference to the previous best objective value: -0.0145898
    Best objective value: -79.1742
    Best parameter:    0.7263   0.3125

  Iteration #13 (after 1488ms) : Found better solution.
    Difference to the previous best objective value: -0.0136484
    Best objective value: -79.1878
    Best parameter:    0.7263   0.2969

  Iteration #16 (after 1682ms) : Found better solution.
    Difference to the previous best objective value: -0.000930192
    Best objective value: -79.1888
    Best parameter:    0.7302   0.2969

  Iteration #16 (after 1871ms) : Found better solution.
    Difference to the previous best objective value: -0.000235335
    Best objective value: -79.189
    Best parameter:    0.7263   0.3008

  Iteration #17 (after 2070ms) : Found better solution.
    Difference to the previous best objective value: -0.000930192
    Best objective value: -79.1899
    Best parameter:    0.7302   0.3008

  Iteration #20 (after 2244ms) : Found better solution.
    Difference to the previous best objective value: -5.35542e-05
    Best objective value: -79.19
    Best parameter:    0.7292   0.3008

  Iteration #22 (after 2469ms) : Found better solution.
    Difference to the previous best objective value: -2.12021e-05
    Best objective value: -79.19
    Best parameter:    0.7292   0.3003

  Iteration #24 (after 2669ms) : Found better solution.
    Difference to the previous best objective value: -4.49283e-06
    Best objective value: -79.19
    Best parameter:    0.7295   0.3003

  Iteration #28 (after 2872ms) : Found better solution.
    Difference to the previous best objective value: -9.03217e-08
    Best objective value: -79.19
    Best parameter:    0.7294   0.3003

  Iteration #29 (after 3074ms) : Found better solution.
    Difference to the previous best objective value: -7.18534e-08
    Best objective value: -79.19
    Best parameter:    0.7294   0.3003

  Iteration #33 (after 3269ms) : Found better solution.
    Difference to the previous best objective value: -1.20467e-09
    Best objective value: -79.19
    Best parameter:    0.7294   0.3003

  Iteration #37 (after 3468ms) : Found better solution.
    Difference to the previous best objective value: -2.11742e-11
    Best objective value: -79.19
    Best parameter:    0.7294   0.3003

  Iteration #38 (after 3658ms) : Found better solution.
    Difference to the previous best objective value: -8.58336e-12
    Best objective value: -79.19
    Best parameter:    0.7294   0.3003

  Iteration #40 (after 3891ms) : Found better solution.
    Difference to the previous best objective value: -1.39266e-12
    Best objective value: -79.19
    Best parameter:    0.7294   0.3003

  Iteration #42 (after 4086ms) : Found better solution.
    Difference to the previous best objective value: -7.24754e-13
    Best objective value: -79.19
    Best parameter:    0.7294   0.3003

  Iteration #45 (after 4279ms) : Found better solution.
    Difference to the previous best objective value: -1.42109e-14
    Best objective value: -79.19
    Best parameter:    0.7294   0.3003

  Iteration #45 (after 4468ms) : Found better solution.
    Difference to the previous best objective value: -7.10543e-14
    Best objective value: -79.19
    Best parameter:    0.7294   0.3003

  Iteration #46 (after 4660ms) : Found better solution.
    Difference to the previous best objective value: -1.42109e-14
    Best objective value: -79.19
    Best parameter:    0.7294   0.3003

  Iteration #48 (after 4851ms) : Found better solution.
    Difference to the previous best objective value: -1.42109e-14
    Best objective value: -79.19
    Best parameter:    0.7294   0.3003

  Terminated (run out of time or iterations).
    Took 1000000 / 1000000 microseconds
    Took 572848 / 18446744073709551615 iterations
    Difference to the acceptable objective value: inf
    Best objective value: -79.19
    Best parameter:    0.7294   0.3003

